{"/Users/Ryan/rethinkpm/server/server.js": {"path":"/Users/Ryan/rethinkpm/server/server.js","statementMap":{"0":{"start":{"line":1,"column":16},"end":{"line":1,"column":34}},"1":{"start":{"line":2,"column":21},"end":{"line":2,"column":45}},"2":{"start":{"line":3,"column":13},"end":{"line":3,"column":28}},"3":{"start":{"line":5,"column":16},"end":{"line":5,"column":46}},"4":{"start":{"line":6,"column":18},"end":{"line":6,"column":36}},"5":{"start":{"line":8,"column":12},"end":{"line":8,"column":21}},"6":{"start":{"line":9,"column":0},"end":{"line":9,"column":24}},"7":{"start":{"line":11,"column":0},"end":{"line":11,"column":12}},"8":{"start":{"line":14,"column":0},"end":{"line":14,"column":41}},"9":{"start":{"line":17,"column":0},"end":{"line":17,"column":46}},"10":{"start":{"line":18,"column":0},"end":{"line":18,"column":53}},"11":{"start":{"line":19,"column":0},"end":{"line":19,"column":42}},"12":{"start":{"line":22,"column":0},"end":{"line":28,"column":1}},"13":{"start":{"line":23,"column":4},"end":{"line":23,"column":44}},"14":{"start":{"line":25,"column":4},"end":{"line":27,"column":7}},"15":{"start":{"line":26,"column":8},"end":{"line":26,"column":79}},"16":{"start":{"line":30,"column":0},"end":{"line":30,"column":21}},"17":{"start":{"line":31,"column":13},"end":{"line":31,"column":37}},"18":{"start":{"line":32,"column":0},"end":{"line":32,"column":68}},"19":{"start":{"line":32,"column":23},"end":{"line":32,"column":66}}},"fnMap":{"0":{"name":"(anonymous_0)","decl":{"start":{"line":25,"column":17},"end":{"line":25,"column":18}},"loc":{"start":{"line":25,"column":31},"end":{"line":27,"column":5}},"line":25},"1":{"name":"(anonymous_1)","decl":{"start":{"line":32,"column":17},"end":{"line":32,"column":18}},"loc":{"start":{"line":32,"column":23},"end":{"line":32,"column":66}},"line":32}},"branchMap":{"0":{"loc":{"start":{"line":22,"column":0},"end":{"line":28,"column":1}},"type":"if","locations":[{"start":{"line":22,"column":0},"end":{"line":28,"column":1}},{"start":{"line":22,"column":0},"end":{"line":28,"column":1}}],"line":22},"1":{"loc":{"start":{"line":31,"column":13},"end":{"line":31,"column":37}},"type":"binary-expr","locations":[{"start":{"line":31,"column":13},"end":{"line":31,"column":29}},{"start":{"line":31,"column":33},"end":{"line":31,"column":37}}],"line":31}},"s":{"0":0,"1":0,"2":0,"3":0,"4":0,"5":0,"6":0,"7":0,"8":0,"9":0,"10":0,"11":0,"12":0,"13":0,"14":0,"15":0,"16":0,"17":0,"18":0,"19":0},"f":{"0":0,"1":0},"b":{"0":[0,0],"1":[0,0]}}
,"/Users/Ryan/rethinkpm/server/3ps/bot.js": {"path":"/Users/Ryan/rethinkpm/server/3ps/bot.js","statementMap":{"0":{"start":{"line":1,"column":19},"end":{"line":1,"column":40}},"1":{"start":{"line":2,"column":15},"end":{"line":2,"column":42}},"2":{"start":{"line":4,"column":18},"end":{"line":4,"column":40}},"3":{"start":{"line":6,"column":20},"end":{"line":9,"column":1}},"4":{"start":{"line":11,"column":23},"end":{"line":11,"column":78}},"5":{"start":{"line":12,"column":20},"end":{"line":15,"column":1}},"6":{"start":{"line":17,"column":0},"end":{"line":43,"column":2}},"7":{"start":{"line":19,"column":19},"end":{"line":19,"column":33}},"8":{"start":{"line":20,"column":24},"end":{"line":33,"column":9}},"9":{"start":{"line":35,"column":24},"end":{"line":35,"column":66}},"10":{"start":{"line":36,"column":8},"end":{"line":36,"column":55}},"11":{"start":{"line":37,"column":8},"end":{"line":37,"column":25}},"12":{"start":{"line":41,"column":8},"end":{"line":41,"column":25}}},"fnMap":{"0":{"name":"(anonymous_0)","decl":{"start":{"line":18,"column":15},"end":{"line":18,"column":16}},"loc":{"start":{"line":18,"column":49},"end":{"line":38,"column":5}},"line":18},"1":{"name":"(anonymous_1)","decl":{"start":{"line":40,"column":18},"end":{"line":40,"column":19}},"loc":{"start":{"line":40,"column":38},"end":{"line":42,"column":5}},"line":40}},"branchMap":{"0":{"loc":{"start":{"line":18,"column":36},"end":{"line":18,"column":47}},"type":"default-arg","locations":[{"start":{"line":18,"column":45},"end":{"line":18,"column":47}}],"line":18}},"s":{"0":0,"1":0,"2":0,"3":0,"4":0,"5":0,"6":0,"7":0,"8":0,"9":0,"10":0,"11":0,"12":0},"f":{"0":0,"1":0},"b":{"0":[0]}}
,"/Users/Ryan/rethinkpm/server/3ps/calandly.js": {"path":"/Users/Ryan/rethinkpm/server/3ps/calandly.js","statementMap":{"0":{"start":{"line":1,"column":25},"end":{"line":7,"column":1}},"1":{"start":{"line":9,"column":0},"end":{"line":9,"column":36}}},"fnMap":{},"branchMap":{},"s":{"0":0,"1":0},"f":{},"b":{}}
,"/Users/Ryan/rethinkpm/server/3ps/email.js": {"path":"/Users/Ryan/rethinkpm/server/3ps/email.js","statementMap":{"0":{"start":{"line":3,"column":19},"end":{"line":3,"column":40}},"1":{"start":{"line":4,"column":15},"end":{"line":4,"column":43}},"2":{"start":{"line":5,"column":27},"end":{"line":5,"column":48}},"3":{"start":{"line":10,"column":18},"end":{"line":18,"column":2}},"4":{"start":{"line":20,"column":18},"end":{"line":36,"column":1}},"5":{"start":{"line":21,"column":22},"end":{"line":27,"column":5}},"6":{"start":{"line":29,"column":4},"end":{"line":35,"column":7}},"7":{"start":{"line":30,"column":8},"end":{"line":34,"column":9}},"8":{"start":{"line":31,"column":12},"end":{"line":31,"column":29}},"9":{"start":{"line":33,"column":12},"end":{"line":33,"column":44}},"10":{"start":{"line":40,"column":23},"end":{"line":54,"column":1}},"11":{"start":{"line":41,"column":20},"end":{"line":41,"column":64}},"12":{"start":{"line":42,"column":20},"end":{"line":43,"column":101}},"13":{"start":{"line":45,"column":17},"end":{"line":51,"column":9}},"14":{"start":{"line":53,"column":4},"end":{"line":53,"column":45}},"15":{"start":{"line":56,"column":0},"end":{"line":56,"column":45}}},"fnMap":{"0":{"name":"(anonymous_0)","decl":{"start":{"line":20,"column":18},"end":{"line":20,"column":19}},"loc":{"start":{"line":20,"column":47},"end":{"line":36,"column":1}},"line":20},"1":{"name":"(anonymous_1)","decl":{"start":{"line":29,"column":38},"end":{"line":29,"column":39}},"loc":{"start":{"line":29,"column":53},"end":{"line":35,"column":5}},"line":29},"2":{"name":"(anonymous_2)","decl":{"start":{"line":40,"column":23},"end":{"line":40,"column":24}},"loc":{"start":{"line":40,"column":43},"end":{"line":54,"column":1}},"line":40}},"branchMap":{"0":{"loc":{"start":{"line":30,"column":8},"end":{"line":34,"column":9}},"type":"if","locations":[{"start":{"line":30,"column":8},"end":{"line":34,"column":9}},{"start":{"line":30,"column":8},"end":{"line":34,"column":9}}],"line":30}},"s":{"0":0,"1":0,"2":0,"3":0,"4":0,"5":0,"6":0,"7":0,"8":0,"9":0,"10":0,"11":0,"12":0,"13":0,"14":0,"15":0},"f":{"0":0,"1":0,"2":0},"b":{"0":[0,0]}}
,"/Users/Ryan/rethinkpm/server/3ps/slack.js": {"path":"/Users/Ryan/rethinkpm/server/3ps/slack.js","statementMap":{"0":{"start":{"line":1,"column":16},"end":{"line":1,"column":42}},"1":{"start":{"line":2,"column":15},"end":{"line":2,"column":43}},"2":{"start":{"line":5,"column":13},"end":{"line":5,"column":32}},"3":{"start":{"line":9,"column":18},"end":{"line":18,"column":1}},"4":{"start":{"line":10,"column":22},"end":{"line":10,"column":41}},"5":{"start":{"line":12,"column":4},"end":{"line":17,"column":7}},"6":{"start":{"line":20,"column":0},"end":{"line":20,"column":29}}},"fnMap":{"0":{"name":"(anonymous_0)","decl":{"start":{"line":9,"column":18},"end":{"line":9,"column":19}},"loc":{"start":{"line":9,"column":30},"end":{"line":18,"column":1}},"line":9}},"branchMap":{},"s":{"0":0,"1":0,"2":0,"3":0,"4":0,"5":0,"6":0},"f":{"0":0},"b":{}}
,"/Users/Ryan/rethinkpm/server/3ps/sms.js": {"path":"/Users/Ryan/rethinkpm/server/3ps/sms.js","statementMap":{"0":{"start":{"line":1,"column":15},"end":{"line":1,"column":43}},"1":{"start":{"line":2,"column":15},"end":{"line":2,"column":68}},"2":{"start":{"line":4,"column":27},"end":{"line":4,"column":48}},"3":{"start":{"line":6,"column":16},"end":{"line":17,"column":1}},"4":{"start":{"line":7,"column":4},"end":{"line":14,"column":16}},"5":{"start":{"line":13,"column":27},"end":{"line":13,"column":51}},"6":{"start":{"line":16,"column":4},"end":{"line":16,"column":31}},"7":{"start":{"line":19,"column":20},"end":{"line":28,"column":1}},"8":{"start":{"line":20,"column":20},"end":{"line":20,"column":25}},"9":{"start":{"line":21,"column":4},"end":{"line":26,"column":11}},"10":{"start":{"line":25,"column":12},"end":{"line":25,"column":41}},"11":{"start":{"line":27,"column":4},"end":{"line":27,"column":21}},"12":{"start":{"line":30,"column":21},"end":{"line":45,"column":1}},"13":{"start":{"line":33,"column":8},"end":{"line":33,"column":12}},"14":{"start":{"line":34,"column":27},"end":{"line":34,"column":30}},"15":{"start":{"line":35,"column":18},"end":{"line":35,"column":102}},"16":{"start":{"line":36,"column":18},"end":{"line":36,"column":156}},"17":{"start":{"line":38,"column":4},"end":{"line":40,"column":14}},"18":{"start":{"line":39,"column":8},"end":{"line":39,"column":36}},"19":{"start":{"line":42,"column":4},"end":{"line":44,"column":14}},"20":{"start":{"line":43,"column":8},"end":{"line":43,"column":36}},"21":{"start":{"line":47,"column":0},"end":{"line":47,"column":54}}},"fnMap":{"0":{"name":"(anonymous_0)","decl":{"start":{"line":6,"column":16},"end":{"line":6,"column":17}},"loc":{"start":{"line":6,"column":30},"end":{"line":17,"column":1}},"line":6},"1":{"name":"(anonymous_1)","decl":{"start":{"line":13,"column":14},"end":{"line":13,"column":15}},"loc":{"start":{"line":13,"column":27},"end":{"line":13,"column":51}},"line":13},"2":{"name":"(anonymous_2)","decl":{"start":{"line":19,"column":20},"end":{"line":19,"column":21}},"loc":{"start":{"line":19,"column":43},"end":{"line":28,"column":1}},"line":19},"3":{"name":"(anonymous_3)","decl":{"start":{"line":24,"column":14},"end":{"line":24,"column":15}},"loc":{"start":{"line":24,"column":23},"end":{"line":26,"column":9}},"line":24},"4":{"name":"(anonymous_4)","decl":{"start":{"line":30,"column":21},"end":{"line":30,"column":22}},"loc":{"start":{"line":30,"column":36},"end":{"line":45,"column":1}},"line":30},"5":{"name":"(anonymous_5)","decl":{"start":{"line":38,"column":15},"end":{"line":38,"column":16}},"loc":{"start":{"line":38,"column":21},"end":{"line":40,"column":5}},"line":38},"6":{"name":"(anonymous_6)","decl":{"start":{"line":42,"column":15},"end":{"line":42,"column":16}},"loc":{"start":{"line":42,"column":21},"end":{"line":44,"column":5}},"line":42}},"branchMap":{},"s":{"0":0,"1":0,"2":0,"3":0,"4":0,"5":0,"6":0,"7":0,"8":0,"9":0,"10":0,"11":0,"12":0,"13":0,"14":0,"15":0,"16":0,"17":0,"18":0,"19":0,"20":0,"21":0},"f":{"0":0,"1":0,"2":0,"3":0,"4":0,"5":0,"6":0},"b":{}}
,"/Users/Ryan/rethinkpm/server/api/3ps.js": {"path":"/Users/Ryan/rethinkpm/server/api/3ps.js","statementMap":{"0":{"start":{"line":1,"column":16},"end":{"line":1,"column":34}},"1":{"start":{"line":2,"column":15},"end":{"line":2,"column":31}},"2":{"start":{"line":4,"column":13},"end":{"line":4,"column":69}},"3":{"start":{"line":5,"column":12},"end":{"line":5,"column":67}},"4":{"start":{"line":6,"column":20},"end":{"line":6,"column":43}},"5":{"start":{"line":12,"column":0},"end":{"line":40,"column":3}},"6":{"start":{"line":13,"column":17},"end":{"line":13,"column":25}},"7":{"start":{"line":15,"column":4},"end":{"line":39,"column":5}},"8":{"start":{"line":16,"column":21},"end":{"line":18,"column":42}},"9":{"start":{"line":21,"column":25},"end":{"line":24,"column":10}},"10":{"start":{"line":26,"column":8},"end":{"line":30,"column":11}},"11":{"start":{"line":27,"column":12},"end":{"line":27,"column":30}},"12":{"start":{"line":28,"column":12},"end":{"line":28,"column":50}},"13":{"start":{"line":29,"column":12},"end":{"line":29,"column":24}},"14":{"start":{"line":33,"column":8},"end":{"line":33,"column":44}},"15":{"start":{"line":35,"column":8},"end":{"line":35,"column":25}},"16":{"start":{"line":37,"column":8},"end":{"line":37,"column":33}},"17":{"start":{"line":38,"column":8},"end":{"line":38,"column":71}},"18":{"start":{"line":46,"column":0},"end":{"line":53,"column":3}},"19":{"start":{"line":47,"column":4},"end":{"line":52,"column":5}},"20":{"start":{"line":48,"column":8},"end":{"line":48,"column":40}},"21":{"start":{"line":50,"column":8},"end":{"line":50,"column":33}},"22":{"start":{"line":51,"column":8},"end":{"line":51,"column":71}},"23":{"start":{"line":59,"column":0},"end":{"line":116,"column":3}},"24":{"start":{"line":60,"column":4},"end":{"line":115,"column":5}},"25":{"start":{"line":75,"column":12},"end":{"line":75,"column":20}},"26":{"start":{"line":87,"column":18},"end":{"line":96,"column":9}},"27":{"start":{"line":100,"column":23},"end":{"line":100,"column":50}},"28":{"start":{"line":104,"column":8},"end":{"line":104,"column":28}},"29":{"start":{"line":111,"column":8},"end":{"line":111,"column":22}},"30":{"start":{"line":113,"column":8},"end":{"line":113,"column":33}},"31":{"start":{"line":114,"column":8},"end":{"line":114,"column":71}},"32":{"start":{"line":118,"column":0},"end":{"line":118,"column":24}}},"fnMap":{"0":{"name":"(anonymous_0)","decl":{"start":{"line":12,"column":20},"end":{"line":12,"column":21}},"loc":{"start":{"line":12,"column":40},"end":{"line":40,"column":1}},"line":12},"1":{"name":"(anonymous_1)","decl":{"start":{"line":26,"column":21},"end":{"line":26,"column":22}},"loc":{"start":{"line":26,"column":31},"end":{"line":30,"column":9}},"line":26},"2":{"name":"(anonymous_2)","decl":{"start":{"line":46,"column":33},"end":{"line":46,"column":34}},"loc":{"start":{"line":46,"column":53},"end":{"line":53,"column":1}},"line":46},"3":{"name":"(anonymous_3)","decl":{"start":{"line":59,"column":30},"end":{"line":59,"column":31}},"loc":{"start":{"line":59,"column":50},"end":{"line":116,"column":1}},"line":59}},"branchMap":{},"s":{"0":0,"1":0,"2":0,"3":0,"4":0,"5":0,"6":0,"7":0,"8":0,"9":0,"10":0,"11":0,"12":0,"13":0,"14":0,"15":0,"16":0,"17":0,"18":0,"19":0,"20":0,"21":0,"22":0,"23":0,"24":0,"25":0,"26":0,"27":0,"28":0,"29":0,"30":0,"31":0,"32":0},"f":{"0":0,"1":0,"2":0,"3":0},"b":{}}
,"/Users/Ryan/rethinkpm/server/api/rentLead.js": {"path":"/Users/Ryan/rethinkpm/server/api/rentLead.js","statementMap":{"0":{"start":{"line":1,"column":16},"end":{"line":1,"column":34}},"1":{"start":{"line":2,"column":17},"end":{"line":2,"column":59}},"2":{"start":{"line":3,"column":21},"end":{"line":3,"column":77}},"3":{"start":{"line":4,"column":20},"end":{"line":4,"column":75}},"4":{"start":{"line":5,"column":16},"end":{"line":5,"column":46}},"5":{"start":{"line":6,"column":20},"end":{"line":6,"column":43}},"6":{"start":{"line":7,"column":36},"end":{"line":7,"column":57}},"7":{"start":{"line":8,"column":25},"end":{"line":8,"column":48}},"8":{"start":{"line":9,"column":15},"end":{"line":9,"column":31}},"9":{"start":{"line":15,"column":0},"end":{"line":70,"column":3}},"10":{"start":{"line":16,"column":4},"end":{"line":69,"column":5}},"11":{"start":{"line":17,"column":53},"end":{"line":17,"column":61}},"12":{"start":{"line":20,"column":19},"end":{"line":22,"column":10}},"13":{"start":{"line":24,"column":8},"end":{"line":31,"column":9}},"14":{"start":{"line":25,"column":12},"end":{"line":25,"column":41}},"15":{"start":{"line":26,"column":12},"end":{"line":30,"column":15}},"16":{"start":{"line":34,"column":8},"end":{"line":34,"column":79}},"17":{"start":{"line":34,"column":25},"end":{"line":34,"column":79}},"18":{"start":{"line":37,"column":18},"end":{"line":40,"column":10}},"19":{"start":{"line":42,"column":8},"end":{"line":48,"column":9}},"20":{"start":{"line":43,"column":12},"end":{"line":43,"column":40}},"21":{"start":{"line":44,"column":12},"end":{"line":47,"column":15}},"22":{"start":{"line":50,"column":8},"end":{"line":50,"column":25}},"23":{"start":{"line":53,"column":8},"end":{"line":55,"column":54}},"24":{"start":{"line":58,"column":8},"end":{"line":60,"column":11}},"25":{"start":{"line":62,"column":8},"end":{"line":62,"column":26}},"26":{"start":{"line":63,"column":8},"end":{"line":63,"column":25}},"27":{"start":{"line":65,"column":8},"end":{"line":65,"column":24}},"28":{"start":{"line":67,"column":8},"end":{"line":67,"column":25}},"29":{"start":{"line":68,"column":8},"end":{"line":68,"column":71}},"30":{"start":{"line":77,"column":0},"end":{"line":89,"column":3}},"31":{"start":{"line":78,"column":4},"end":{"line":78,"column":40}},"32":{"start":{"line":79,"column":4},"end":{"line":88,"column":5}},"33":{"start":{"line":80,"column":21},"end":{"line":82,"column":42}},"34":{"start":{"line":83,"column":8},"end":{"line":83,"column":35}},"35":{"start":{"line":85,"column":8},"end":{"line":85,"column":29}},"36":{"start":{"line":87,"column":8},"end":{"line":87,"column":45}},"37":{"start":{"line":96,"column":0},"end":{"line":108,"column":3}},"38":{"start":{"line":97,"column":4},"end":{"line":97,"column":38}},"39":{"start":{"line":98,"column":4},"end":{"line":107,"column":5}},"40":{"start":{"line":99,"column":23},"end":{"line":103,"column":9}},"41":{"start":{"line":104,"column":8},"end":{"line":104,"column":37}},"42":{"start":{"line":106,"column":8},"end":{"line":106,"column":45}},"43":{"start":{"line":113,"column":0},"end":{"line":131,"column":3}},"44":{"start":{"line":114,"column":4},"end":{"line":114,"column":39}},"45":{"start":{"line":115,"column":4},"end":{"line":130,"column":5}},"46":{"start":{"line":116,"column":23},"end":{"line":125,"column":9}},"47":{"start":{"line":126,"column":8},"end":{"line":126,"column":37}},"48":{"start":{"line":128,"column":8},"end":{"line":128,"column":27}},"49":{"start":{"line":129,"column":8},"end":{"line":129,"column":45}},"50":{"start":{"line":136,"column":0},"end":{"line":155,"column":3}},"51":{"start":{"line":137,"column":4},"end":{"line":137,"column":38}},"52":{"start":{"line":138,"column":4},"end":{"line":154,"column":5}},"53":{"start":{"line":139,"column":23},"end":{"line":150,"column":9}},"54":{"start":{"line":151,"column":8},"end":{"line":151,"column":37}},"55":{"start":{"line":153,"column":8},"end":{"line":153,"column":45}},"56":{"start":{"line":160,"column":0},"end":{"line":179,"column":3}},"57":{"start":{"line":161,"column":4},"end":{"line":161,"column":38}},"58":{"start":{"line":162,"column":4},"end":{"line":178,"column":5}},"59":{"start":{"line":163,"column":23},"end":{"line":174,"column":9}},"60":{"start":{"line":175,"column":8},"end":{"line":175,"column":37}},"61":{"start":{"line":177,"column":8},"end":{"line":177,"column":45}},"62":{"start":{"line":181,"column":0},"end":{"line":181,"column":24}}},"fnMap":{"0":{"name":"(anonymous_0)","decl":{"start":{"line":15,"column":17},"end":{"line":15,"column":18}},"loc":{"start":{"line":15,"column":37},"end":{"line":70,"column":1}},"line":15},"1":{"name":"(anonymous_1)","decl":{"start":{"line":77,"column":26},"end":{"line":77,"column":27}},"loc":{"start":{"line":77,"column":46},"end":{"line":89,"column":1}},"line":77},"2":{"name":"(anonymous_2)","decl":{"start":{"line":96,"column":26},"end":{"line":96,"column":27}},"loc":{"start":{"line":96,"column":46},"end":{"line":108,"column":1}},"line":96},"3":{"name":"(anonymous_3)","decl":{"start":{"line":113,"column":27},"end":{"line":113,"column":28}},"loc":{"start":{"line":113,"column":47},"end":{"line":131,"column":1}},"line":113},"4":{"name":"(anonymous_4)","decl":{"start":{"line":136,"column":26},"end":{"line":136,"column":27}},"loc":{"start":{"line":136,"column":46},"end":{"line":155,"column":1}},"line":136},"5":{"name":"(anonymous_5)","decl":{"start":{"line":160,"column":26},"end":{"line":160,"column":27}},"loc":{"start":{"line":160,"column":46},"end":{"line":179,"column":1}},"line":160}},"branchMap":{"0":{"loc":{"start":{"line":24,"column":8},"end":{"line":31,"column":9}},"type":"if","locations":[{"start":{"line":24,"column":8},"end":{"line":31,"column":9}},{"start":{"line":24,"column":8},"end":{"line":31,"column":9}}],"line":24},"1":{"loc":{"start":{"line":34,"column":8},"end":{"line":34,"column":79}},"type":"if","locations":[{"start":{"line":34,"column":8},"end":{"line":34,"column":79}},{"start":{"line":34,"column":8},"end":{"line":34,"column":79}}],"line":34},"2":{"loc":{"start":{"line":42,"column":8},"end":{"line":48,"column":9}},"type":"if","locations":[{"start":{"line":42,"column":8},"end":{"line":48,"column":9}},{"start":{"line":42,"column":8},"end":{"line":48,"column":9}}],"line":42},"3":{"loc":{"start":{"line":53,"column":8},"end":{"line":55,"column":53}},"type":"cond-expr","locations":[{"start":{"line":54,"column":14},"end":{"line":54,"column":37}},{"start":{"line":55,"column":14},"end":{"line":55,"column":53}}],"line":53}},"s":{"0":0,"1":0,"2":0,"3":0,"4":0,"5":0,"6":0,"7":0,"8":0,"9":0,"10":0,"11":0,"12":0,"13":0,"14":0,"15":0,"16":0,"17":0,"18":0,"19":0,"20":0,"21":0,"22":0,"23":0,"24":0,"25":0,"26":0,"27":0,"28":0,"29":0,"30":0,"31":0,"32":0,"33":0,"34":0,"35":0,"36":0,"37":0,"38":0,"39":0,"40":0,"41":0,"42":0,"43":0,"44":0,"45":0,"46":0,"47":0,"48":0,"49":0,"50":0,"51":0,"52":0,"53":0,"54":0,"55":0,"56":0,"57":0,"58":0,"59":0,"60":0,"61":0,"62":0},"f":{"0":0,"1":0,"2":0,"3":0,"4":0,"5":0},"b":{"0":[0,0],"1":[0,0],"2":[0,0],"3":[0,0]}}
,"/Users/Ryan/rethinkpm/server/api/users.js": {"path":"/Users/Ryan/rethinkpm/server/api/users.js","statementMap":{"0":{"start":{"line":1,"column":16},"end":{"line":1,"column":34}},"1":{"start":{"line":2,"column":15},"end":{"line":2,"column":34}},"2":{"start":{"line":4,"column":13},"end":{"line":4,"column":47}},"3":{"start":{"line":5,"column":13},"end":{"line":5,"column":42}},"4":{"start":{"line":7,"column":15},"end":{"line":7,"column":31}},"5":{"start":{"line":12,"column":0},"end":{"line":23,"column":3}},"6":{"start":{"line":13,"column":4},"end":{"line":22,"column":5}},"7":{"start":{"line":14,"column":21},"end":{"line":14,"column":45}},"8":{"start":{"line":15,"column":8},"end":{"line":15,"column":26}},"9":{"start":{"line":16,"column":22},"end":{"line":16,"column":43}},"10":{"start":{"line":17,"column":8},"end":{"line":17,"column":39}},"11":{"start":{"line":18,"column":8},"end":{"line":18,"column":25}},"12":{"start":{"line":20,"column":8},"end":{"line":20,"column":33}},"13":{"start":{"line":21,"column":8},"end":{"line":21,"column":71}},"14":{"start":{"line":28,"column":0},"end":{"line":35,"column":3}},"15":{"start":{"line":29,"column":4},"end":{"line":34,"column":5}},"16":{"start":{"line":30,"column":8},"end":{"line":30,"column":39}},"17":{"start":{"line":32,"column":8},"end":{"line":32,"column":25}},"18":{"start":{"line":33,"column":8},"end":{"line":33,"column":45}},"19":{"start":{"line":42,"column":0},"end":{"line":62,"column":3}},"20":{"start":{"line":43,"column":4},"end":{"line":43,"column":35}},"21":{"start":{"line":44,"column":30},"end":{"line":44,"column":38}},"22":{"start":{"line":45,"column":4},"end":{"line":45,"column":33}},"23":{"start":{"line":46,"column":4},"end":{"line":61,"column":5}},"24":{"start":{"line":47,"column":19},"end":{"line":47,"column":46}},"25":{"start":{"line":48,"column":8},"end":{"line":50,"column":9}},"26":{"start":{"line":49,"column":12},"end":{"line":49,"column":80}},"27":{"start":{"line":51,"column":27},"end":{"line":51,"column":72}},"28":{"start":{"line":52,"column":8},"end":{"line":54,"column":9}},"29":{"start":{"line":53,"column":12},"end":{"line":53,"column":76}},"30":{"start":{"line":55,"column":22},"end":{"line":55,"column":43}},"31":{"start":{"line":56,"column":8},"end":{"line":56,"column":39}},"32":{"start":{"line":57,"column":8},"end":{"line":57,"column":25}},"33":{"start":{"line":59,"column":8},"end":{"line":59,"column":33}},"34":{"start":{"line":60,"column":8},"end":{"line":60,"column":45}},"35":{"start":{"line":67,"column":0},"end":{"line":79,"column":3}},"36":{"start":{"line":68,"column":4},"end":{"line":78,"column":5}},"37":{"start":{"line":69,"column":8},"end":{"line":71,"column":11}},"38":{"start":{"line":70,"column":12},"end":{"line":70,"column":44}},"39":{"start":{"line":72,"column":21},"end":{"line":72,"column":42}},"40":{"start":{"line":73,"column":8},"end":{"line":73,"column":37}},"41":{"start":{"line":74,"column":8},"end":{"line":74,"column":35}},"42":{"start":{"line":76,"column":8},"end":{"line":76,"column":33}},"43":{"start":{"line":77,"column":8},"end":{"line":77,"column":45}},"44":{"start":{"line":84,"column":0},"end":{"line":92,"column":3}},"45":{"start":{"line":85,"column":4},"end":{"line":91,"column":5}},"46":{"start":{"line":86,"column":8},"end":{"line":86,"column":29}},"47":{"start":{"line":87,"column":8},"end":{"line":87,"column":30}},"48":{"start":{"line":88,"column":8},"end":{"line":88,"column":41}},"49":{"start":{"line":90,"column":8},"end":{"line":90,"column":45}},"50":{"start":{"line":94,"column":0},"end":{"line":94,"column":24}}},"fnMap":{"0":{"name":"(anonymous_0)","decl":{"start":{"line":12,"column":17},"end":{"line":12,"column":18}},"loc":{"start":{"line":12,"column":37},"end":{"line":23,"column":1}},"line":12},"1":{"name":"(anonymous_1)","decl":{"start":{"line":28,"column":22},"end":{"line":28,"column":23}},"loc":{"start":{"line":28,"column":36},"end":{"line":35,"column":1}},"line":28},"2":{"name":"(anonymous_2)","decl":{"start":{"line":42,"column":22},"end":{"line":42,"column":23}},"loc":{"start":{"line":42,"column":42},"end":{"line":62,"column":1}},"line":42},"3":{"name":"(anonymous_3)","decl":{"start":{"line":67,"column":29},"end":{"line":67,"column":30}},"loc":{"start":{"line":67,"column":49},"end":{"line":79,"column":1}},"line":67},"4":{"name":"(anonymous_4)","decl":{"start":{"line":69,"column":49},"end":{"line":69,"column":50}},"loc":{"start":{"line":69,"column":60},"end":{"line":71,"column":9}},"line":69},"5":{"name":"(anonymous_5)","decl":{"start":{"line":84,"column":32},"end":{"line":84,"column":33}},"loc":{"start":{"line":84,"column":52},"end":{"line":92,"column":1}},"line":84}},"branchMap":{"0":{"loc":{"start":{"line":48,"column":8},"end":{"line":50,"column":9}},"type":"if","locations":[{"start":{"line":48,"column":8},"end":{"line":50,"column":9}},{"start":{"line":48,"column":8},"end":{"line":50,"column":9}}],"line":48},"1":{"loc":{"start":{"line":52,"column":8},"end":{"line":54,"column":9}},"type":"if","locations":[{"start":{"line":52,"column":8},"end":{"line":54,"column":9}},{"start":{"line":52,"column":8},"end":{"line":54,"column":9}}],"line":52}},"s":{"0":0,"1":0,"2":0,"3":0,"4":0,"5":0,"6":0,"7":0,"8":0,"9":0,"10":0,"11":0,"12":0,"13":0,"14":0,"15":0,"16":0,"17":0,"18":0,"19":0,"20":0,"21":0,"22":0,"23":0,"24":0,"25":0,"26":0,"27":0,"28":0,"29":0,"30":0,"31":0,"32":0,"33":0,"34":0,"35":0,"36":0,"37":0,"38":0,"39":0,"40":0,"41":0,"42":0,"43":0,"44":0,"45":0,"46":0,"47":0,"48":0,"49":0,"50":0},"f":{"0":0,"1":0,"2":0,"3":0,"4":0,"5":0},"b":{"0":[0,0],"1":[0,0]}}
,"/Users/Ryan/rethinkpm/server/config/creds.js": {"path":"/Users/Ryan/rethinkpm/server/config/creds.js","statementMap":{"0":{"start":{"line":1,"column":0},"end":{"line":1,"column":27}},"1":{"start":{"line":3,"column":0},"end":{"line":15,"column":2}}},"fnMap":{},"branchMap":{},"s":{"0":3,"1":3},"f":{},"b":{},"_coverageSchema":"1a1c01bbd47fc00a2c39e90264f33305004495a9","hash":"9ecb709fceea83669d9e446892223ce4e188119d"}
,"/Users/Ryan/rethinkpm/server/db/db.js": {"path":"/Users/Ryan/rethinkpm/server/db/db.js","statementMap":{"0":{"start":{"line":1,"column":17},"end":{"line":1,"column":36}},"1":{"start":{"line":2,"column":14},"end":{"line":2,"column":40}},"2":{"start":{"line":4,"column":11},"end":{"line":4,"column":25}},"3":{"start":{"line":6,"column":0},"end":{"line":18,"column":2}},"4":{"start":{"line":7,"column":4},"end":{"line":17,"column":5}},"5":{"start":{"line":8,"column":8},"end":{"line":12,"column":11}},"6":{"start":{"line":13,"column":8},"end":{"line":13,"column":41}},"7":{"start":{"line":15,"column":8},"end":{"line":15,"column":33}},"8":{"start":{"line":16,"column":8},"end":{"line":16,"column":24}},"9":{"start":{"line":20,"column":0},"end":{"line":20,"column":27}}},"fnMap":{"0":{"name":"(anonymous_0)","decl":{"start":{"line":6,"column":12},"end":{"line":6,"column":13}},"loc":{"start":{"line":6,"column":24},"end":{"line":18,"column":1}},"line":6}},"branchMap":{},"s":{"0":1,"1":1,"2":1,"3":1,"4":1,"5":1,"6":0,"7":1,"8":1,"9":1},"f":{"0":1},"b":{},"_coverageSchema":"1a1c01bbd47fc00a2c39e90264f33305004495a9","hash":"f9cb55ec3dae604286383101d63d256c9761d6e4"}
,"/Users/Ryan/rethinkpm/server/middleware/auth.js": {"path":"/Users/Ryan/rethinkpm/server/middleware/auth.js","statementMap":{"0":{"start":{"line":1,"column":12},"end":{"line":1,"column":35}},"1":{"start":{"line":3,"column":20},"end":{"line":3,"column":46}},"2":{"start":{"line":4,"column":13},"end":{"line":4,"column":47}},"3":{"start":{"line":6,"column":13},"end":{"line":25,"column":1}},"4":{"start":{"line":9,"column":18},"end":{"line":9,"column":33}},"5":{"start":{"line":10,"column":4},"end":{"line":12,"column":5}},"6":{"start":{"line":11,"column":8},"end":{"line":11,"column":61}},"7":{"start":{"line":13,"column":4},"end":{"line":24,"column":5}},"8":{"start":{"line":14,"column":23},"end":{"line":14,"column":51}},"9":{"start":{"line":15,"column":21},"end":{"line":18,"column":10}},"10":{"start":{"line":19,"column":8},"end":{"line":19,"column":26}},"11":{"start":{"line":20,"column":8},"end":{"line":20,"column":24}},"12":{"start":{"line":21,"column":8},"end":{"line":21,"column":15}},"13":{"start":{"line":23,"column":8},"end":{"line":23,"column":58}},"14":{"start":{"line":27,"column":0},"end":{"line":27,"column":22}}},"fnMap":{"0":{"name":"(anonymous_0)","decl":{"start":{"line":6,"column":13},"end":{"line":6,"column":14}},"loc":{"start":{"line":6,"column":39},"end":{"line":25,"column":1}},"line":6}},"branchMap":{"0":{"loc":{"start":{"line":10,"column":4},"end":{"line":12,"column":5}},"type":"if","locations":[{"start":{"line":10,"column":4},"end":{"line":12,"column":5}},{"start":{"line":10,"column":4},"end":{"line":12,"column":5}}],"line":10}},"s":{"0":1,"1":1,"2":1,"3":1,"4":2,"5":2,"6":1,"7":1,"8":1,"9":0,"10":0,"11":0,"12":0,"13":1,"14":1},"f":{"0":2},"b":{"0":[1,1]},"_coverageSchema":"1a1c01bbd47fc00a2c39e90264f33305004495a9","hash":"1e4255e52d649cd54f723721af1b1a3a9e6e9ab1"}
,"/Users/Ryan/rethinkpm/server/templets/newLead.js": {"path":"/Users/Ryan/rethinkpm/server/templets/newLead.js","statementMap":{"0":{"start":{"line":1,"column":21},"end":{"line":4,"column":3}},"1":{"start":{"line":1,"column":44},"end":{"line":4,"column":3}},"2":{"start":{"line":6,"column":0},"end":{"line":6,"column":32}}},"fnMap":{"0":{"name":"(anonymous_0)","decl":{"start":{"line":1,"column":21},"end":{"line":1,"column":22}},"loc":{"start":{"line":1,"column":44},"end":{"line":4,"column":3}},"line":1}},"branchMap":{},"s":{"0":1,"1":1,"2":1},"f":{"0":1},"b":{},"_coverageSchema":"1a1c01bbd47fc00a2c39e90264f33305004495a9","hash":"798de05fa4cacb683165d396e47d072b297bcb55"}
,"/Users/Ryan/rethinkpm/server/triggers/rentLead.js": {"path":"/Users/Ryan/rethinkpm/server/triggers/rentLead.js","statementMap":{"0":{"start":{"line":2,"column":13},"end":{"line":2,"column":33}},"1":{"start":{"line":4,"column":12},"end":{"line":4,"column":67}},"2":{"start":{"line":8,"column":0},"end":{"line":47,"column":3}},"3":{"start":{"line":10,"column":21},"end":{"line":12,"column":29}},"4":{"start":{"line":14,"column":4},"end":{"line":46,"column":7}},"5":{"start":{"line":20,"column":12},"end":{"line":20,"column":16}},"6":{"start":{"line":21,"column":8},"end":{"line":21,"column":79}},"7":{"start":{"line":22,"column":8},"end":{"line":26,"column":11}},"8":{"start":{"line":28,"column":8},"end":{"line":28,"column":74}},"9":{"start":{"line":33,"column":12},"end":{"line":33,"column":16}},"10":{"start":{"line":35,"column":8},"end":{"line":43,"column":9}},"11":{"start":{"line":39,"column":12},"end":{"line":39,"column":47}},"12":{"start":{"line":40,"column":12},"end":{"line":42,"column":15}},"13":{"start":{"line":44,"column":8},"end":{"line":44,"column":26}},"14":{"start":{"line":45,"column":8},"end":{"line":45,"column":26}}},"fnMap":{"0":{"name":"(anonymous_0)","decl":{"start":{"line":8,"column":35},"end":{"line":8,"column":36}},"loc":{"start":{"line":8,"column":47},"end":{"line":47,"column":1}},"line":8},"1":{"name":"(anonymous_1)","decl":{"start":{"line":14,"column":17},"end":{"line":14,"column":18}},"loc":{"start":{"line":14,"column":33},"end":{"line":46,"column":5}},"line":14}},"branchMap":{"0":{"loc":{"start":{"line":21,"column":8},"end":{"line":21,"column":78}},"type":"cond-expr","locations":[{"start":{"line":21,"column":33},"end":{"line":21,"column":54}},{"start":{"line":21,"column":57},"end":{"line":21,"column":78}}],"line":21},"1":{"loc":{"start":{"line":24,"column":16},"end":{"line":24,"column":56}},"type":"cond-expr","locations":[{"start":{"line":24,"column":41},"end":{"line":24,"column":46}},{"start":{"line":24,"column":49},"end":{"line":24,"column":56}}],"line":24},"2":{"loc":{"start":{"line":35,"column":8},"end":{"line":43,"column":9}},"type":"if","locations":[{"start":{"line":35,"column":8},"end":{"line":43,"column":9}},{"start":{"line":35,"column":8},"end":{"line":43,"column":9}}],"line":35},"3":{"loc":{"start":{"line":36,"column":12},"end":{"line":37,"column":53}},"type":"binary-expr","locations":[{"start":{"line":36,"column":13},"end":{"line":36,"column":35}},{"start":{"line":36,"column":39},"end":{"line":36,"column":53}},{"start":{"line":37,"column":13},"end":{"line":37,"column":34}},{"start":{"line":37,"column":38},"end":{"line":37,"column":52}}],"line":36}},"s":{"0":0,"1":0,"2":0,"3":0,"4":0,"5":0,"6":0,"7":0,"8":0,"9":0,"10":0,"11":0,"12":0,"13":0,"14":0},"f":{"0":0,"1":0},"b":{"0":[0,0],"1":[0,0],"2":[0,0],"3":[0,0,0,0]}}
}
